<?xml version="1.0" encoding="UTF-8"?>
<!-- Generated by org.testng.reporters.JUnitReportReporter -->
<testsuite skipped="0" hostname="DESKTOP-8VN9D7S" name="com.test.hrm.NewTest" tests="1" failures="0" timestamp="2020-09-04T00:22:14 PDT" time="9.910" errors="0">
  <testcase name="f" time="9.910" classname="com.test.hrm.NewTest"/>
</testsuite> <!-- com.test.hrm.NewTest -->
